<?xml version="1.0" encoding="UTF-8"?>
<!-- Generated by org.testng.reporters.JUnitReportReporter -->
<testsuite hostname="SANDHYA" failures="0" tests="1" name="com.crm.testscript.AccountsModule" time="10.288" errors="0" timestamp="2024-12-27T10:23:40 IST" skipped="0">
  <testcase classname="com.crm.testscript.AccountsModule" name="createAccount" time="10.288"/>
  <system-out>
    <![CDATA[Account is created
tyco account is displayed]]>
  </system-out>
</testsuite> <!-- com.crm.testscript.AccountsModule -->
