<?xml version="1.0" encoding="UTF-8"?>
<!-- Generated by org.testng.reporters.JUnitReportReporter -->
<testsuite hostname="SANDHYA" failures="0" tests="1" name="com.crm.testscript.CampaignModule" time="3.426" errors="0" timestamp="2024-12-26T13:30:39 IST" skipped="0">
  <testcase classname="com.crm.testscript.CampaignModule" name="createCampaign" time="3.426"/>
  <system-out/>
</testsuite> <!-- com.crm.testscript.CampaignModule -->
